2023-01-11 13:04:27:427 [32minfo[39m: [32mServer is running on port 3000[39m
2023-01-11 13:06:15:615 [35mhttp[39m: [35m::1 GET / 404 139 - 4.696 ms[39m
[35m[39m
2023-01-11 13:07:46:746 [32minfo[39m: [32mServer is running on port 3000[39m
2023-01-11 13:07:48:748 [32minfo[39m: [32mChecking the API status: Everything is OK[39m
2023-01-11 13:07:48:748 [35mhttp[39m: [35m::1 GET / 200 54 - 3.454 ms[39m
[35m[39m
2023-01-11 13:07:48:748 [35mhttp[39m: [35m::1 GET /favicon.ico 404 150 - 1.786 ms[39m
[35m[39m
2023-01-11 13:08:51:851 [32minfo[39m: [32mServer is running on port 3000[39m
2023-01-11 13:09:07:97 [32minfo[39m: [32mServer is running on port 3000[39m
2023-01-11 13:09:10:910 [32minfo[39m: [32mManual logger[39m
2023-01-11 13:09:10:910 [35mhttp[39m: [35m::1 GET / 200 51 - 3.536 ms[39m
[35m[39m
2023-01-11 13:09:33:933 [32minfo[39m: [32mServer is running on port 3000[39m
2023-01-11 13:09:35:935 [32minfo[39m: [32mthis is manual logger info[39m
2023-01-11 13:09:35:935 [33mwarn[39m: [33mthis is manual logger warn[39m
2023-01-11 13:09:35:935 [31merror[39m: [31mthis is manual logger error[39m
2023-01-11 13:09:35:935 [35mhttp[39m: [35m::1 GET / 304 - - 4.901 ms[39m
[35m[39m
2023-01-11 13:11:10:1110 [32minfo[39m: [32mServer is running on port 3000[39m
2023-01-11 13:11:11:1111 [35mhttp[39m: [35m::1 GET / 304 - - 4.688 ms[39m
[35m[39m
2023-01-11 13:11:29:1129 [32minfo[39m: [32mthis is manual logger info[39m
2023-01-11 13:11:29:1129 [33mwarn[39m: [33mthis is manual logger warn[39m
2023-01-11 13:11:29:1129 [31merror[39m: [31mthis is manual logger error[39m
2023-01-11 13:11:29:1129 [35mhttp[39m: [35m::1 GET /manual-log 200 64 - 2.791 ms[39m
[35m[39m
2023-01-11 13:15:42:1542 [32minfo[39m: [32mServer is running on port 3000[39m
